生成启动时间为 2019/5/10 0:57:56。
     1>项目“D:\VS学习\设计模式\设计模式\设计模式.vcxproj”在节点 2 上(build 个目标)。
     1>InitializeBuildStatus:
         正在对“Debug\设计模式.unsuccessfulbuild”执行 Touch 任务。
       ClCompile:
         E:\VS\VC\bin\CL.exe /c /ZI /nologo /W3 /WX- /Od /Oy- /D WIN32 /D _DEBUG /D _CONSOLE /D _UNICODE /D UNICODE /Gm /EHsc /RTC1 /MDd /GS /fp:precise /Zc:wchar_t /Zc:forScope /Fo"Debug\\" /Fd"Debug\vc100.pdb" /Gd /TP /analyze- /errorReport:prompt "依赖倒转原则.cpp"
         依赖倒转原则.cpp
       ManifestResourceCompile:
         所有输出均为最新。
       Link:
         E:\VS\VC\bin\link.exe /ERRORREPORT:PROMPT /OUT:"D:\VS学习\设计模式\Debug\设计模式.exe" /INCREMENTAL /NOLOGO kernel32.lib user32.lib gdi32.lib winspool.lib comdlg32.lib advapi32.lib shell32.lib ole32.lib oleaut32.lib uuid.lib odbc32.lib odbccp32.lib /MANIFEST /ManifestFile:"Debug\设计模式.exe.intermediate.manifest" /MANIFESTUAC:"level='asInvoker' uiAccess='false'" /DEBUG /PDB:"D:\VS学习\设计模式\Debug\设计模式.pdb" /SUBSYSTEM:CONSOLE /TLBID:1 /DYNAMICBASE /NXCOMPAT /IMPLIB:"D:\VS学习\设计模式\Debug\设计模式.lib" /MACHINE:X86 "Debug\设计模式.exe.embed.manifest.res"
         "Debug\依赖倒转原则.obj"
         "Debug\单例.obj"
         "Debug\合成复用原则.obj"
         "Debug\开闭原则.obj"
         "Debug\迪米特原则.obj"
       Manifest:
         c:\Program Files (x86)\Microsoft SDKs\Windows\v7.0A\bin\mt.exe /nologo /verbose /out:"Debug\设计模式.exe.embed.manifest" /manifest "Debug\设计模式.exe.intermediate.manifest"
         所有输出均为最新。
       LinkEmbedManifest:
         所有输出均为最新。
         设计模式.vcxproj -> D:\VS学习\设计模式\Debug\设计模式.exe
       FinalizeBuildStatus:
         正在删除文件“Debug\设计模式.unsuccessfulbuild”。
         正在对“Debug\设计模式.lastbuildstate”执行 Touch 任务。
     1>已完成生成项目“D:\VS学习\设计模式\设计模式\设计模式.vcxproj”(build 个目标)的操作。

生成成功。

已用时间 00:00:01.32
